<?xml version="1.0" encoding="UTF-8"?>
<testsuite name="ThreadTest" tests="1" skipped="0" failures="0" errors="0" timestamp="2022-03-05T05:46:10" hostname="Trident" time="0.071">
  <properties/>
  <testcase name="testMainThread()" classname="ThreadTest" time="0.071"/>
  <system-out><![CDATA[Thread Name: Test worker
]]></system-out>
  <system-err><![CDATA[]]></system-err>
</testsuite>
